c:\users\rafia rehan tariq\dsa\dosshell\dosshell\x64\debug\vc143.pdb
c:\users\rafia rehan tariq\dsa\dosshell\dosshell\x64\debug\vc143.idb
c:\users\rafia rehan tariq\dsa\dosshell\dosshell\x64\debug\program.obj
c:\users\rafia rehan tariq\dsa\dosshell\dosshell\x64\debug\printing.obj
c:\users\rafia rehan tariq\dsa\dosshell\dosshell\x64\debug\keyboard.obj
c:\users\rafia rehan tariq\dsa\dosshell\dosshell\x64\debug\key.obj
c:\users\rafia rehan tariq\dsa\dosshell\dosshell\x64\debug\file.obj
c:\users\rafia rehan tariq\dsa\dosshell\dosshell\x64\debug\editor.obj
c:\users\rafia rehan tariq\dsa\dosshell\dosshell\x64\debug\directory.obj
c:\users\rafia rehan tariq\dsa\dosshell\dosshell\x64\debug\compare.obj
c:\users\rafia rehan tariq\dsa\dosshell\dosshell\x64\debug\commonelement.obj
c:\users\rafia rehan tariq\dsa\dosshell\x64\debug\dosshell.exe
c:\users\rafia rehan tariq\dsa\dosshell\dosshell\x64\debug\dosshell.ilk
c:\users\rafia rehan tariq\dsa\dosshell\x64\debug\dosshell.pdb
c:\users\rafia rehan tariq\dsa\dosshell\dosshell\x64\debug\dosshell.tlog\cl.command.1.tlog
c:\users\rafia rehan tariq\dsa\dosshell\dosshell\x64\debug\dosshell.tlog\cl.items.tlog
c:\users\rafia rehan tariq\dsa\dosshell\dosshell\x64\debug\dosshell.tlog\cl.read.1.tlog
c:\users\rafia rehan tariq\dsa\dosshell\dosshell\x64\debug\dosshell.tlog\cl.write.1.tlog
c:\users\rafia rehan tariq\dsa\dosshell\dosshell\x64\debug\dosshell.tlog\link.command.1.tlog
c:\users\rafia rehan tariq\dsa\dosshell\dosshell\x64\debug\dosshell.tlog\link.read.1.tlog
c:\users\rafia rehan tariq\dsa\dosshell\dosshell\x64\debug\dosshell.tlog\link.write.1.tlog
